<?xml version="1.0" encoding="UTF-8"?>
<!-- Generated by org.testng.reporters.JUnitReportReporter -->
<testsuite hostname="Anuj" failures="0" tests="1" name="com.demoqa.SubmitfromTest" time="1.949" errors="0" timestamp="2024-02-09T21:55:43 IST" skipped="0">
  <testcase classname="com.demoqa.SubmitfromTest" name="UserDatasub" time="1.949"/>
</testsuite> <!-- com.demoqa.SubmitfromTest -->
